<?xml version="1.0" encoding="UTF-8"?>
<!-- Generated by org.testng.reporters.JUnitReportReporter -->
<testsuite hostname="LAPTOP-6HTOKEIU" failures="0" tests="6" name="org.selenium.pom.tests.NavigationTest" time="147.579" errors="1" timestamp="2022-01-22T01:13:12 CET" skipped="0">
  <testcase classname="org.selenium.pom.tests.NavigationTest" name="navigateFromHomeToStoreUsingMainMenu" time="31.284"/>
  <system-out/>
  <testcase classname="org.selenium.pom.tests.NavigationTest" name="navigateFromHomeToFeaturedProductPage" time="25.995"/>
  <system-out/>
  <testcase classname="org.selenium.pom.tests.NavigationTest" name="navigateFromHomeToFeaturedProductPage" time="18.465"/>
  <system-out/>
  <testcase classname="org.selenium.pom.tests.NavigationTest" name="navigateFromStoreToProductPage" time="19.197"/>
  <system-out/>
  <testcase classname="org.selenium.pom.tests.NavigationTest" name="navigateFromStoreToProductPage" time="16.597">
    <error message="Element &lt;a class=&quot;ast-loop-product__link&quot; href=&quot;https://askomdch.com/product/blue-shoes/&quot;&gt; could not be scrolled into view
Build info: version: &#039;4.1.1&#039;, revision: &#039;e8fcc2cecf&#039;
System info: host: &#039;LAPTOP-6HTOKEIU&#039;, ip: &#039;169.254.38.81&#039;, os.name: &#039;Windows 10&#039;, os.arch: &#039;amd64&#039;, os.version: &#039;10.0&#039;, java.version: &#039;17&#039;
Driver info: org.openqa.selenium.firefox.FirefoxDriver
Command: [cd83a614-7395-486a-8906-fc9930d06c71, clickElement {id=67936c7d-958c-4e5f-a73c-51b9f261f04e}]
Capabilities {acceptInsecureCerts: true, browserName: firefox, browserVersion: 96.0.1, javascriptEnabled: true, moz:accessibilityChecks: false, moz:buildID: 20220113185450, moz:debuggerAddress: localhost:49989, moz:geckodriverVersion: 0.30.0, moz:headless: false, moz:processID: 19908, moz:profile: C:\Users\Rafał\AppData\Loca..., moz:shutdownTimeout: 60000, moz:useNonSpecCompliantPointerOrigin: false, moz:webdriverClick: true, pageLoadStrategy: normal, platform: WINDOWS, platformName: WINDOWS, platformVersion: 10.0, proxy: Proxy(), se:cdp: ws://localhost:49989/devtoo..., se:cdpVersion: 85, setWindowRect: true, strictFileInteractability: false, timeouts: {implicit: 0, pageLoad: 300000, script: 30000}, unhandledPromptBehavior: dismiss and notify}
Element: [[FirefoxDriver: firefox on WINDOWS (cd83a614-7395-486a-8906-fc9930d06c71)] -&gt; partial link text: Blue Shoes]
Session ID: cd83a614-7395-486a-8906-fc9930d06c71" type="org.openqa.selenium.ElementNotInteractableException">
      <![CDATA[org.openqa.selenium.ElementNotInteractableException: Element <a class="ast-loop-product__link" href="https://askomdch.com/product/blue-shoes/"> could not be scrolled into view
Build info: version: '4.1.1', revision: 'e8fcc2cecf'
System info: host: 'LAPTOP-6HTOKEIU', ip: '169.254.38.81', os.name: 'Windows 10', os.arch: 'amd64', os.version: '10.0', java.version: '17'
Driver info: org.openqa.selenium.firefox.FirefoxDriver
Command: [cd83a614-7395-486a-8906-fc9930d06c71, clickElement {id=67936c7d-958c-4e5f-a73c-51b9f261f04e}]
Capabilities {acceptInsecureCerts: true, browserName: firefox, browserVersion: 96.0.1, javascriptEnabled: true, moz:accessibilityChecks: false, moz:buildID: 20220113185450, moz:debuggerAddress: localhost:49989, moz:geckodriverVersion: 0.30.0, moz:headless: false, moz:processID: 19908, moz:profile: C:\Users\Rafał\AppData\Loca..., moz:shutdownTimeout: 60000, moz:useNonSpecCompliantPointerOrigin: false, moz:webdriverClick: true, pageLoadStrategy: normal, platform: WINDOWS, platformName: WINDOWS, platformVersion: 10.0, proxy: Proxy(), se:cdp: ws://localhost:49989/devtoo..., se:cdpVersion: 85, setWindowRect: true, strictFileInteractability: false, timeouts: {implicit: 0, pageLoad: 300000, script: 30000}, unhandledPromptBehavior: dismiss and notify}
Element: [[FirefoxDriver: firefox on WINDOWS (cd83a614-7395-486a-8906-fc9930d06c71)] -> partial link text: Blue Shoes]
Session ID: cd83a614-7395-486a-8906-fc9930d06c71
at java.base/jdk.internal.reflect.NativeConstructorAccessorImpl.newInstance0(Native Method)
at java.base/jdk.internal.reflect.NativeConstructorAccessorImpl.newInstance(NativeConstructorAccessorImpl.java:77)
at java.base/jdk.internal.reflect.DelegatingConstructorAccessorImpl.newInstance(DelegatingConstructorAccessorImpl.java:45)
at java.base/java.lang.reflect.Constructor.newInstanceWithCaller(Constructor.java:499)
at java.base/java.lang.reflect.Constructor.newInstance(Constructor.java:480)
at org.openqa.selenium.remote.codec.w3c.W3CHttpResponseCodec.createException(W3CHttpResponseCodec.java:200)
at org.openqa.selenium.remote.codec.w3c.W3CHttpResponseCodec.decode(W3CHttpResponseCodec.java:133)
at org.openqa.selenium.remote.codec.w3c.W3CHttpResponseCodec.decode(W3CHttpResponseCodec.java:53)
at org.openqa.selenium.remote.HttpCommandExecutor.execute(HttpCommandExecutor.java:184)
at org.openqa.selenium.remote.service.DriverCommandExecutor.invokeExecute(DriverCommandExecutor.java:167)
at org.openqa.selenium.remote.service.DriverCommandExecutor.execute(DriverCommandExecutor.java:142)
at org.openqa.selenium.remote.RemoteWebDriver.execute(RemoteWebDriver.java:543)
at org.openqa.selenium.remote.RemoteWebElement.execute(RemoteWebElement.java:251)
at org.openqa.selenium.remote.RemoteWebElement.click(RemoteWebElement.java:77)
at org.selenium.pom.pages.StorePage.clickProductByName(StorePage.java:80)
at org.selenium.pom.tests.NavigationTest.navigateFromStoreToProductPage(NavigationTest.java:34)
at java.base/jdk.internal.reflect.NativeMethodAccessorImpl.invoke0(Native Method)
at java.base/jdk.internal.reflect.NativeMethodAccessorImpl.invoke(NativeMethodAccessorImpl.java:77)
at java.base/jdk.internal.reflect.DelegatingMethodAccessorImpl.invoke(DelegatingMethodAccessorImpl.java:43)
at java.base/java.lang.reflect.Method.invoke(Method.java:568)
at org.testng.internal.invokers.MethodInvocationHelper.invokeMethod(MethodInvocationHelper.java:135)
at org.testng.internal.invokers.TestInvoker.invokeMethod(TestInvoker.java:673)
at org.testng.internal.invokers.TestInvoker.invokeTestMethod(TestInvoker.java:220)
at org.testng.internal.invokers.MethodRunner.runInSequence(MethodRunner.java:50)
at org.testng.internal.invokers.TestInvoker$MethodInvocationAgent.invoke(TestInvoker.java:945)
at org.testng.internal.invokers.TestInvoker.invokeTestMethods(TestInvoker.java:193)
at org.testng.internal.invokers.TestMethodWorker.invokeTestMethods(TestMethodWorker.java:146)
at org.testng.internal.invokers.TestMethodWorker.run(TestMethodWorker.java:128)
at java.base/java.util.concurrent.ThreadPoolExecutor.runWorker(ThreadPoolExecutor.java:1136)
at java.base/java.util.concurrent.ThreadPoolExecutor$Worker.run(ThreadPoolExecutor.java:635)
at java.base/java.lang.Thread.run(Thread.java:833)
]]>
    </error>
  </testcase> <!-- navigateFromStoreToProductPage -->
  <system-out/>
  <testcase classname="org.selenium.pom.tests.NavigationTest" name="navigateFromHomeToStoreUsingMainMenu" time="36.041"/>
  <system-out/>
</testsuite> <!-- org.selenium.pom.tests.NavigationTest -->
